  OpenGL.vcxproj -> C:\Users\Matheus\source\repos\OpenGL\x64\Debug\OpenGL.exe

Project Performance Summary:
        3 ms  C:\Users\Matheus\source\repos\OpenGL\Graphics\Graphics.vcxproj   4 calls
                  0 ms  GetTargetPath                              1 calls
                  1 ms  GetNativeManifest                          1 calls
                  2 ms  GetResolvedLinkLibs                        1 calls
                  0 ms  GetCopyToOutputDirectoryItems              1 calls
       16 ms  C:\Users\Matheus\source\repos\OpenGL\FileIO\FileIO.vcxproj   4 calls
                  2 ms  GetTargetPath                              1 calls
                  0 ms  GetNativeManifest                          1 calls
                 13 ms  GetResolvedLinkLibs                        1 calls
                  1 ms  GetCopyToOutputDirectoryItems              1 calls
       86 ms  C:\Users\Matheus\source\repos\OpenGL\Shaders\Shaders.vcxproj   4 calls
                  2 ms  GetTargetPath                              1 calls
                  0 ms  GetNativeManifest                          1 calls
                 79 ms  GetResolvedLinkLibs                        1 calls
                  5 ms  GetCopyToOutputDirectoryItems              1 calls
     2905 ms  C:\Users\Matheus\source\repos\OpenGL\OpenGL\OpenGL.vcxproj   1 calls
               2905 ms  Build                                      1 calls

Target Performance Summary:
        0 ms  nupengl_core_redist_init                   1 calls
        0 ms  ComputeManifestInputsTargets               1 calls
        0 ms  ComputeResolveLinkObj                      1 calls
        0 ms  ComputeLinkInputsFromProject               1 calls
        0 ms  ComputeCLGeneratedLinkInputs               1 calls
        0 ms  ComputeCustomBuildOutput                   1 calls
        0 ms  ComputeManifestGeneratedLinkerInputs       1 calls
        0 ms  ComputeRCGeneratedLinkInputs               1 calls
        0 ms  ComputeRCOutputs                           1 calls
        0 ms  BeforeLink                                 1 calls
        0 ms  ComputeLegacyManifestEmbedding             1 calls
        0 ms  BuildLinkTraverse                          1 calls
        0 ms  BuildCompile                               1 calls
        0 ms  _BuildCompileAction                        1 calls
        0 ms  AfterBuildCompileEvent                     1 calls
        0 ms  _ResourceCompile                           1 calls
        0 ms  AfterResourceCompile                       1 calls
        0 ms  BeforeResourceCompile                      1 calls
        0 ms  AfterClCompile                             1 calls
        0 ms  SelectClCompile                            1 calls
        0 ms  SelectCustomBuild                          1 calls
        0 ms  FixupCLCompileOptions                      1 calls
        0 ms  WarnCompileDuplicatedFilename              1 calls
        0 ms  ComputeCLInputPDBName                      1 calls
        0 ms  CreateCustomManifestResourceNames          1 calls
        0 ms  PrepareResourceNames                       1 calls
        0 ms  DoLinkOutputFilesMatch                     1 calls
        0 ms  PreLinkEvent                               1 calls
        0 ms  googletest_redist_AfterBuild               1 calls
        0 ms  nl_cqm_Qt5Core_redist_AfterBuild           1 calls
        0 ms  Assimp_redist_AfterBuild                   1 calls
        0 ms  nupengl_core_redist_AfterBuild             1 calls
        0 ms  AfterBuild                                 1 calls
        0 ms  BuildLink                                  1 calls
        0 ms  _BuildLinkAction                           1 calls
        0 ms  PostBuildEvent                             1 calls
        0 ms  PrepareForRun                              1 calls
        0 ms  CopyFilesToOutputDirectory                 1 calls
        0 ms  _CopySourceItemsToOutputDirectory          1 calls
        0 ms  BeforeClCompile                            1 calls
        0 ms  _Deploy                                    1 calls
        0 ms  CreateSatelliteAssemblies                  1 calls
        0 ms  _GenerateSatelliteAssemblyInputs           1 calls
        0 ms  _BscMake                                   1 calls
        0 ms  ComputeCLCompileGeneratedSbrFiles          1 calls
        0 ms  _XdcMake                                   1 calls
        0 ms  MakeDirsForXdcMake                         1 calls
        0 ms  ResolvedXDCMake                            1 calls
        0 ms  _Manifest                                  1 calls
        0 ms  _ALink                                     1 calls
        0 ms  _Link                                      1 calls
        0 ms  AfterLink                                  1 calls
        0 ms  _Appverifier                               1 calls
        0 ms  BuildCompileTraverse                       1 calls
        0 ms  _ClCompile                                 1 calls
        0 ms  _BuildGenerateSourcesAction                1 calls
        0 ms  ExpandSDKReferences                        3 calls
        0 ms  SetCABuildNativeEnvironmentVariables       3 calls
        0 ms  PlatformPrepareForBuild                    3 calls
        0 ms  BuildGenerateSources                       1 calls
        0 ms  GetResolvedWinMD                           3 calls
        0 ms  GetTargetPath                              3 calls
        0 ms  _RemoveNameMetadataFromProjectReferenceItems   2 calls
        0 ms  AfterResolveReferences                     3 calls
        0 ms  PrepareProjectReferences                   3 calls
        0 ms  _PrepareForBuild                           1 calls
        0 ms  googletest_init                            3 calls
        0 ms  nl_cqm_Qt5Core_init                        1 calls
        0 ms  nl_cqm_Qt5Core_redist_init                 1 calls
        0 ms  Assimp_init                                1 calls
        0 ms  Assimp_redist_init                         1 calls
        0 ms  nupengl_core_init                          1 calls
        0 ms  BeforeResolveReferences                    3 calls
        0 ms  ResolveReferences                          3 calls
        0 ms  GetFrameworkPaths                          3 calls
        0 ms  BuildGenerateSourcesTraverse               1 calls
        0 ms  AfterBuildGenerateSourcesEvent             1 calls
        0 ms  AfterBuildGenerateSources                  1 calls
        0 ms  _Midl                                      1 calls
        0 ms  AfterMidl                                  1 calls
        0 ms  MakeDirsForMidl                            1 calls
        0 ms  _Xsd                                       1 calls
        0 ms  _SelectedFiles                             1 calls
        0 ms  Build                                      1 calls
        0 ms  BeforeBuildGenerateSources                 1 calls
        0 ms  PreBuildEvent                              1 calls
        1 ms  googletest_redist_init                     3 calls
        1 ms  RegisterOutput                             1 calls
        1 ms  CopyFileToFolders                          1 calls
        1 ms  GetCopyToOutputDirectoryXamlAppDefs        3 calls
        1 ms  ComputeCLOutputs                           1 calls
        1 ms  SetBuildDefaultEnvironmentVariables        3 calls
        1 ms  nupengl_core_redist_init_2                 1 calls
        1 ms  MakeDirsForLink                            1 calls
        1 ms  Assimp_redist_AfterBuild_x64               1 calls
        1 ms  ComputeMIDLGeneratedCompileInputs          1 calls
        1 ms  MakeDirsForCl                              1 calls
        1 ms  ComputeReferenceLinkInputs                 1 calls
        1 ms  ResolveSDKReferences                       3 calls
        1 ms  MakeDirsForBscMake                         1 calls
        1 ms  ComputeReferenceCLInput                    1 calls
        1 ms  MakeDirsForResourceCompile                 1 calls
        1 ms  SetTelemetryEnvironmentVariables           1 calls
        1 ms  googletest_redist_AfterBuild_x64_and_v141_and_Debug   1 calls
        1 ms  _CheckForCompileOutputs                    1 calls
        1 ms  ComputeCLCompileGeneratedXDCFiles          1 calls
        1 ms  SplitResourcesByCulture                    1 calls
        1 ms  SetUserMacroEnvironmentVariables           3 calls
        1 ms  Assimp_redist_init_2                       1 calls
        1 ms  _PrepareForReferenceResolution             3 calls
        1 ms  ComputeLinkSwitches                        1 calls
        1 ms  GetNativeManifest                          3 calls
        1 ms  nl_cqm_Qt5Core_redist_init_2               1 calls
        1 ms  ComputeLinkImportLibraryOutputsForClean    1 calls
        2 ms  ResolveAssemblyReferences                  3 calls
        2 ms  googletest_redist_init_2                   3 calls
        2 ms  AssignProjectConfiguration                 3 calls
        2 ms  FinalizeBuildStatus                        1 calls
        2 ms  GetReferenceAssemblyPaths                  3 calls
        2 ms  AssignTargetPaths                          3 calls
        2 ms  _CheckForInvalidConfigurationAndPlatform   3 calls
        2 ms  _GetProjectReferenceTargetFrameworkProperties   3 calls
        3 ms  _CheckWindowsSDKInstalled                  3 calls
        3 ms  nupengl_core_redist_AfterBuild_x64         1 calls
        3 ms  _SplitProjectReferencesByFileExistence     3 calls
        3 ms  EnsureNuGetPackageBuildImports             3 calls
        3 ms  InitializeBuildStatus                      1 calls
        4 ms  GetResolvedLinkLibs                        3 calls
       11 ms  PrepareForBuild                            3 calls
       21 ms  GetCopyToOutputDirectoryItems              3 calls
       34 ms  ClCompile                                  1 calls
       96 ms  ResolvedLinkLib                            4 calls
      213 ms  ResolveProjectReferences                   3 calls
     2560 ms  Link                                       1 calls

Task Performance Summary:
        0 ms  Message                                    7 calls
        0 ms  ReadLinesFromFile                          1 calls
        0 ms  WriteLinesToFile                           1 calls
        0 ms  AssignCulture                              1 calls
        1 ms  GetOutOfDateItems                          1 calls
        1 ms  ResolveNonMSBuildProjectOutput             2 calls
        1 ms  Delete                                     1 calls
        1 ms  AssignTargetPath                          18 calls
        2 ms  AssignProjectConfiguration                 3 calls
        3 ms  Touch                                      2 calls
        5 ms  MakeDir                                   13 calls
        5 ms  SetEnv                                    26 calls
        5 ms  Copy                                       7 calls
       33 ms  CL                                         1 calls
      326 ms  MSBuild                                    9 calls
     2558 ms  Link                                       1 calls
