  abstractRenderer.cc
c:\users\matheus\source\repos\opengl\renderers\abstractrenderer.cc(29): warning C4150: deletion of pointer to incomplete type 'VBO'; no destructor called
  c:\users\matheus\source\repos\opengl\glabstractions\vao.h(7): note: see declaration of 'VBO'
c:\users\matheus\source\repos\opengl\renderers\abstractrenderer.cc(37): warning C4150: deletion of pointer to incomplete type 'Entity'; no destructor called
  c:\users\matheus\source\repos\opengl\renderers\abstractrenderer.h(8): note: see declaration of 'Entity'
c:\users\matheus\source\repos\opengl\renderers\abstractrenderer.cc(42): warning C4150: deletion of pointer to incomplete type 'DrawBuffer'; no destructor called
  c:\users\matheus\source\repos\opengl\renderers\abstractrenderer.h(7): note: see declaration of 'DrawBuffer'
  barRenderer.cc
  Generating Code...
  Renderers.vcxproj -> C:\Users\Matheus\source\repos\OpenGL\x64\Debug\Renderers.lib

Project Performance Summary:
        0 ms  C:\Users\Matheus\source\repos\OpenGL\Graphics\Graphics.vcxproj   4 calls
                  0 ms  GetTargetPath                              1 calls
                  0 ms  GetNativeManifest                          1 calls
                  0 ms  GetResolvedLinkLibs                        1 calls
                  0 ms  GetCopyToOutputDirectoryItems              1 calls
        0 ms  C:\Users\Matheus\source\repos\OpenGL\Shaders\Shaders.vcxproj   4 calls
                  0 ms  GetTargetPath                              1 calls
                  0 ms  GetNativeManifest                          1 calls
                  0 ms  GetResolvedLinkLibs                        1 calls
                  0 ms  GetCopyToOutputDirectoryItems              1 calls
       18 ms  C:\Users\Matheus\source\repos\OpenGL\GLAbstractions\GLAbstractions.vcxproj   4 calls
                  3 ms  GetTargetPath                              1 calls
                  1 ms  GetNativeManifest                          1 calls
                 12 ms  GetResolvedLinkLibs                        1 calls
                  2 ms  GetCopyToOutputDirectoryItems              1 calls
    19550 ms  C:\Users\Matheus\source\repos\OpenGL\Renderers\Renderers.vcxproj   1 calls
              19550 ms  Build                                      1 calls

Target Performance Summary:
        0 ms  Build                                      1 calls
        0 ms  MakeDirsForResourceCompile                 1 calls
        0 ms  BeforeResourceCompile                      1 calls
        0 ms  _ClCompile                                 1 calls
        0 ms  AfterClCompile                             1 calls
        0 ms  _XdcMake                                   1 calls
        0 ms  SelectClCompile                            1 calls
        0 ms  SelectCustomBuild                          1 calls
        0 ms  AfterResourceCompile                       1 calls
        0 ms  MakeDirsForBscMake                         1 calls
        0 ms  _BscMake                                   1 calls
        0 ms  BuildGenerateSources                       1 calls
        0 ms  _BuildGenerateSourcesAction                1 calls
        0 ms  AfterBuildGenerateSourcesEvent             1 calls
        0 ms  RegisterOutput                             1 calls
        0 ms  _Midl                                      1 calls
        0 ms  AfterMidl                                  1 calls
        0 ms  BeforeClCompile                            1 calls
        0 ms  _ResourceCompile                           1 calls
        0 ms  BeforeLib                                  1 calls
        0 ms  ComputeLibAdditionalOptions                1 calls
        0 ms  _Manifest                                  1 calls
        0 ms  _ALink                                     1 calls
        0 ms  ComputeLegacyManifestEmbedding             1 calls
        0 ms  BuildCompile                               1 calls
        0 ms  _BuildCompileAction                        1 calls
        0 ms  AfterBuildCompileEvent                     1 calls
        0 ms  _Lib                                       1 calls
        0 ms  AfterLib                                   1 calls
        0 ms  ComputeCLCompileGeneratedXDCFiles          1 calls
        0 ms  DoLibOutputFilesMatch                      1 calls
        0 ms  ComputeReferenceLibInputs                  1 calls
        0 ms  MakeDirsForXdcMake                         1 calls
        0 ms  ComputeLibInputsFromProject                1 calls
        0 ms  ComputeCLGeneratedLibInputs                1 calls
        0 ms  ComputeCLOutputs                           1 calls
        0 ms  ComputeRCGeneratedLibInputs                1 calls
        0 ms  ComputeRCOutputs                           1 calls
        0 ms  ComputeMIDLGeneratedCompileInputs          1 calls
        0 ms  CreateSatelliteAssemblies                  1 calls
        0 ms  ResolvedXDCMake                            1 calls
        0 ms  _Appverifier                               1 calls
        0 ms  PostBuildEvent                             1 calls
        0 ms  PrepareForRun                              1 calls
        0 ms  GetTargetPath                              1 calls
        0 ms  _Xsd                                       1 calls
        0 ms  _CheckForCompileOutputs                    1 calls
        0 ms  googletest_redist_AfterBuild_x64_and_v141_and_Debug   1 calls
        0 ms  _CopySourceItemsToOutputDirectory          1 calls
        0 ms  SetUserMacroEnvironmentVariables           1 calls
        0 ms  googletest_redist_AfterBuild               1 calls
        0 ms  _BuildLinkAction                           1 calls
        0 ms  SetCABuildNativeEnvironmentVariables       2 calls
        0 ms  BuildLink                                  1 calls
        0 ms  GetCopyToOutputDirectoryXamlAppDefs        2 calls
        0 ms  AfterBuild                                 1 calls
        0 ms  googletest_init                            1 calls
        0 ms  ResolveSDKReferences                       2 calls
        0 ms  nupengl_core_redist_AfterBuild             1 calls
        0 ms  ExpandSDKReferences                        2 calls
        0 ms  ResolveAssemblyReferences                  2 calls
        0 ms  AfterResolveReferences                     2 calls
        0 ms  ResolveReferences                          2 calls
        0 ms  _Deploy                                    1 calls
        0 ms  BeforeResolveReferences                    2 calls
        0 ms  BeforeBuildGenerateSources                 1 calls
        0 ms  PreBuildEvent                              1 calls
        0 ms  _SelectedFiles                             1 calls
        0 ms  PrepareProjectReferences                   2 calls
        0 ms  _RemoveNameMetadataFromProjectReferenceItems   1 calls
        1 ms  ComputeCLInputPDBName                      1 calls
        1 ms  PlatformPrepareForBuild                    2 calls
        1 ms  BuildGenerateSourcesTraverse               1 calls
        1 ms  ComputeCustomBuildOutput                   1 calls
        1 ms  _CheckWindowsSDKInstalled                  2 calls
        1 ms  nupengl_core_redist_init                   2 calls
        1 ms  EnsureNuGetPackageBuildImports             2 calls
        1 ms  MakeDirsForLib                             1 calls
        1 ms  _PrepareForReferenceResolution             2 calls
        1 ms  SetTelemetryEnvironmentVariables           1 calls
        1 ms  AfterBuildGenerateSources                  1 calls
        1 ms  FixupCLCompileOptions                      1 calls
        1 ms  ComputeReferenceCLInput                    1 calls
        1 ms  GetResolvedLinkLibs                        1 calls
        1 ms  GetReferenceAssemblyPaths                  2 calls
        1 ms  nupengl_core_redist_init_2                 2 calls
        1 ms  ComputeCLCompileGeneratedSbrFiles          1 calls
        1 ms  PreLinkEvent                               1 calls
        1 ms  GetNativeManifest                          1 calls
        1 ms  nupengl_core_init                          2 calls
        1 ms  BuildLinkTraverse                          1 calls
        1 ms  googletest_redist_init                     1 calls
        1 ms  GetResolvedWinMD                           2 calls
        1 ms  BuildCompileTraverse                       1 calls
        1 ms  _PrepareForBuild                           1 calls
        1 ms  GetFrameworkPaths                          2 calls
        2 ms  AssignTargetPaths                          2 calls
        2 ms  _SplitProjectReferencesByFileExistence     2 calls
        2 ms  _GetProjectReferenceTargetFrameworkProperties   2 calls
        2 ms  nupengl_core_redist_AfterBuild_x64         1 calls
        2 ms  WarnCompileDuplicatedFilename              1 calls
        2 ms  FinalizeBuildStatus                        1 calls
        2 ms  MakeDirsForCl                              1 calls
        2 ms  SetBuildDefaultEnvironmentVariables        2 calls
        2 ms  MakeDirsForMidl                            1 calls
        6 ms  AssignProjectConfiguration                 2 calls
        6 ms  InitializeBuildStatus                      1 calls
        6 ms  GetCopyToOutputDirectoryItems              2 calls
        7 ms  _GenerateSatelliteAssemblyInputs           1 calls
       15 ms  googletest_redist_init_2                   1 calls
       15 ms  ResolvedLinkLib                            2 calls
       16 ms  _CheckForInvalidConfigurationAndPlatform   2 calls
       16 ms  CopyFileToFolders                          1 calls
       17 ms  PrepareForBuild                            2 calls
       23 ms  CopyFilesToOutputDirectory                 1 calls
      185 ms  ResolveProjectReferences                   2 calls
      540 ms  Lib                                        1 calls
    18658 ms  ClCompile                                  1 calls

Task Performance Summary:
        1 ms  ResolveNonMSBuildProjectOutput             1 calls
        1 ms  ReadLinesFromFile                          1 calls
        1 ms  WriteLinesToFile                           1 calls
        1 ms  Delete                                     1 calls
        2 ms  AssignTargetPath                          12 calls
        2 ms  Message                                    5 calls
        3 ms  Touch                                      2 calls
        4 ms  MakeDir                                   11 calls
        5 ms  AssignProjectConfiguration                 2 calls
        7 ms  SetEnv                                    17 calls
       15 ms  GetOutOfDateItems                          1 calls
       24 ms  Copy                                       7 calls
      145 ms  MSBuild                                    5 calls
      540 ms  LIB                                        1 calls
    18656 ms  CL                                         2 calls
